<?xml version="1.0" encoding="UTF-8"?>
<!-- Generated by org.testng.reporters.JUnitXMLReporter -->
<testsuite ignored="0" hostname="Rahul" failures="0" tests="2" name="Default test" time="0.047" errors="0" timestamp="2022-12-10T11:34:38 IST">
  <testcase classname="practice.Single_Test" name="@BeforeSuite openbrowser" time="1.559">
    <failure type="org.openqa.selenium.SessionNotCreatedException" message="Could not start a new session. Response code 500. Message: session not created: This version of ChromeDriver only supports Chrome version 106
Current browser version is 108.0.5359.99 with binary path C:\Program Files\Google\Chrome\Application\chrome.exe 
Host info: host: &amp;apos;RAHUL&amp;apos;, ip: &amp;apos;192.168.19.16&amp;apos;
Build info: version: &amp;apos;4.6.0&amp;apos;, revision: &amp;apos;79f1c02ae20&amp;apos;
System info: os.name: &amp;apos;Windows 11&amp;apos;, os.arch: &amp;apos;amd64&amp;apos;, os.version: &amp;apos;10.0&amp;apos;, java.version: &amp;apos;19&amp;apos;
Driver info: org.openqa.selenium.chrome.ChromeDriver
Command: [null, newSession {capabilities=[Capabilities {browserName: chrome, goog:chromeOptions: {args: [], extensions: []}}], desiredCapabilities=Capabilities {browserName: chrome, goog:chromeOptions: {args: [], extensions: []}}}]">
      <![CDATA[org.openqa.selenium.SessionNotCreatedException: Could not start a new session. Response code 500. Message: session not created: This version of ChromeDriver only supports Chrome version 106
Current browser version is 108.0.5359.99 with binary path C:\Program Files\Google\Chrome\Application\chrome.exe 
Host info: host: 'RAHUL', ip: '192.168.19.16'
Build info: version: '4.6.0', revision: '79f1c02ae20'
System info: os.name: 'Windows 11', os.arch: 'amd64', os.version: '10.0', java.version: '19'
Driver info: org.openqa.selenium.chrome.ChromeDriver
Command: [null, newSession {capabilities=[Capabilities {browserName: chrome, goog:chromeOptions: {args: [], extensions: []}}], desiredCapabilities=Capabilities {browserName: chrome, goog:chromeOptions: {args: [], extensions: []}}}]
at org.openqa.selenium.remote.ProtocolHandshake.createSession(ProtocolHandshake.java:146)
at org.openqa.selenium.remote.ProtocolHandshake.createSession(ProtocolHandshake.java:101)
at org.openqa.selenium.remote.ProtocolHandshake.createSession(ProtocolHandshake.java:67)
at org.openqa.selenium.remote.HttpCommandExecutor.execute(HttpCommandExecutor.java:156)
at org.openqa.selenium.remote.service.DriverCommandExecutor.invokeExecute(DriverCommandExecutor.java:167)
at org.openqa.selenium.remote.service.DriverCommandExecutor.execute(DriverCommandExecutor.java:142)
at org.openqa.selenium.remote.RemoteWebDriver.execute(RemoteWebDriver.java:541)
at org.openqa.selenium.remote.RemoteWebDriver.startSession(RemoteWebDriver.java:242)
at org.openqa.selenium.remote.RemoteWebDriver.<init>(RemoteWebDriver.java:157)
at org.openqa.selenium.chromium.ChromiumDriver.<init>(ChromiumDriver.java:101)
at org.openqa.selenium.chrome.ChromeDriver.<init>(ChromeDriver.java:81)
at org.openqa.selenium.chrome.ChromeDriver.<init>(ChromeDriver.java:49)
at practice.Single_Test.openbrowser(Single_Test.java:28)
at java.base/jdk.internal.reflect.DirectMethodHandleAccessor.invoke(DirectMethodHandleAccessor.java:104)
at java.base/java.lang.reflect.Method.invoke(Method.java:578)
at org.testng.internal.invokers.MethodInvocationHelper.invokeMethod(MethodInvocationHelper.java:139)
at org.testng.internal.invokers.MethodInvocationHelper.invokeMethodConsideringTimeout(MethodInvocationHelper.java:69)
at org.testng.internal.invokers.ConfigInvoker.invokeConfigurationMethod(ConfigInvoker.java:361)
at org.testng.internal.invokers.ConfigInvoker.invokeConfigurations(ConfigInvoker.java:296)
at org.testng.SuiteRunner.privateRun(SuiteRunner.java:372)
at org.testng.SuiteRunner.run(SuiteRunner.java:330)
at org.testng.SuiteRunnerWorker.runSuite(SuiteRunnerWorker.java:52)
at org.testng.SuiteRunnerWorker.run(SuiteRunnerWorker.java:95)
at org.testng.TestNG.runSuitesSequentially(TestNG.java:1256)
at org.testng.TestNG.runSuitesLocally(TestNG.java:1176)
at org.testng.TestNG.runSuites(TestNG.java:1099)
at org.testng.TestNG.run(TestNG.java:1067)
at org.testng.remote.AbstractRemoteTestNG.run(AbstractRemoteTestNG.java:115)
at org.testng.remote.RemoteTestNG.initAndRun(RemoteTestNG.java:251)
at org.testng.remote.RemoteTestNG.main(RemoteTestNG.java:77)
]]>
    </failure>
  </testcase> <!-- @BeforeSuite openbrowser -->
  <testcase classname="practice.Single_Test" name="@BeforeTest url" time="0.0">
    <skipped/>
  </testcase> <!-- @BeforeTest url -->
  <testcase classname="practice.Single_Test" name="@BeforeClass maximize" time="0.0">
    <skipped/>
  </testcase> <!-- @BeforeClass maximize -->
  <testcase classname="practice.Single_Test" name="@BeforeMethod getcookies" time="0.0">
    <skipped/>
  </testcase> <!-- @BeforeMethod getcookies -->
  <testcase classname="practice.Single_Test" name="@AfterMethod takescreenshot" time="0.0">
    <skipped/>
  </testcase> <!-- @AfterMethod takescreenshot -->
  <testcase classname="practice.Single_Test" name="@BeforeMethod getcookies" time="0.0">
    <skipped/>
  </testcase> <!-- @BeforeMethod getcookies -->
  <testcase classname="practice.Single_Test" name="@AfterMethod takescreenshot" time="0.0">
    <skipped/>
  </testcase> <!-- @AfterMethod takescreenshot -->
  <testcase classname="practice.Single_Test" name="@AfterClass dlcookies" time="0.0">
    <skipped/>
  </testcase> <!-- @AfterClass dlcookies -->
  <testcase classname="practice.Single_Test" name="@AfterTest dbconnectionclosd" time="0.0">
    <skipped/>
  </testcase> <!-- @AfterTest dbconnectionclosd -->
  <testcase classname="practice.Single_Test" name="businesslogic_1" time="0.0">
    <skipped/>
  </testcase> <!-- businesslogic_1 -->
  <testcase classname="practice.Single_Test" name="businesslogic_2" time="0.001">
    <skipped/>
  </testcase> <!-- businesslogic_2 -->
</testsuite> <!-- Default test -->
